<?xml version="1.0" encoding="UTF-8"?>
<testsuite name="DriverTest" tests="6" skipped="0" failures="0" errors="0" timestamp="2015-08-18T05:55:21" hostname="SG-Song-Qiyue.local" time="0.004">
  <properties/>
  <testcase name="shouldSpeedUp" classname="DriverTest" time="0.002"/>
  <testcase name="shouldTurnRadioDownToTalkToPassenger" classname="DriverTest" time="0.0"/>
  <testcase name="shouldTurnRadioUpWhenFavouriteSongComesOn" classname="DriverTest" time="0.0"/>
  <testcase name="shouldTurnOnRadio" classname="DriverTest" time="0.0"/>
  <testcase name="shouldSlowDown" classname="DriverTest" time="0.0"/>
  <testcase name="shouldTurnOffRadioToConcentrate" classname="DriverTest" time="0.0"/>
  <system-out><![CDATA[]]></system-out>
  <system-err><![CDATA[]]></system-err>
</testsuite>
